2021-03-09 15:22:25 [127.0.0.1][-][-][error][yii\web\HttpException:404] yii\base\InvalidRouteException: Unable to resolve the request "buidjeee/". in /home/bearatol/PhpstormProjects/basic/vendor/yiisoft/yii2/base/Module.php:543
Stack trace:
#0 /home/bearatol/PhpstormProjects/basic/vendor/yiisoft/yii2/web/Application.php(104): yii\base\Module->runAction('buidjeee/', Array)
#1 /home/bearatol/PhpstormProjects/basic/vendor/yiisoft/yii2/base/Application.php(392): yii\web\Application->handleRequest(Object(yii\web\Request))
#2 /home/bearatol/PhpstormProjects/basic/web/index.php(12): yii\base\Application->run()
#3 {main}

Next yii\web\NotFoundHttpException: Page not found. in /home/bearatol/PhpstormProjects/basic/vendor/yiisoft/yii2/web/Application.php:116
Stack trace:
#0 /home/bearatol/PhpstormProjects/basic/vendor/yiisoft/yii2/base/Application.php(392): yii\web\Application->handleRequest(Object(yii\web\Request))
#1 /home/bearatol/PhpstormProjects/basic/web/index.php(12): yii\base\Application->run()
#2 {main}
2021-03-09 15:22:25 [127.0.0.1][-][-][info][application] $_GET = []

$_POST = []

$_FILES = []

$_COOKIE = [
    '_csrf' => '1cd16ef578d3644bf501cbc7dc997b859f6d33229d0e36c874396312e5da2f85a:2:{i:0;s:5:\"_csrf\";i:1;s:32:\"6J9I0kUG4--RYrdbQU_k0HAiCxS4Gkzp\";}'
    'PHPSESSID' => 'i2vo56hpuu2pp0ov38k7h4oq13'
]

$_SESSION = [
    '__flash' => []
]

$_SERVER = [
    'USER' => 'bearatol'
    'HOME' => '/home/bearatol'
    'HTTP_COOKIE' => '_csrf=1cd16ef578d3644bf501cbc7dc997b859f6d33229d0e36c874396312e5da2f85a%3A2%3A%7Bi%3A0%3Bs%3A5%3A%22_csrf%22%3Bi%3A1%3Bs%3A32%3A%226J9I0kUG4--RYrdbQU_k0HAiCxS4Gkzp%22%3B%7D; PHPSESSID=i2vo56hpuu2pp0ov38k7h4oq13'
    'HTTP_ACCEPT_LANGUAGE' => 'ru-RU,ru;q=0.9,en-US;q=0.8,en;q=0.7'
    'HTTP_ACCEPT_ENCODING' => 'gzip, deflate'
    'HTTP_REFERER' => 'http://yii2_1.local/buidjeee/'
    'HTTP_ACCEPT' => 'text/html,application/xhtml+xml,application/xml;q=0.9,image/avif,image/webp,image/apng,*/*;q=0.8,application/signed-exchange;v=b3;q=0.9'
    'HTTP_USER_AGENT' => 'Mozilla/5.0 (X11; Linux x86_64) AppleWebKit/537.36 (KHTML, like Gecko) Chrome/88.0.4324.182 Safari/537.36'
    'HTTP_UPGRADE_INSECURE_REQUESTS' => '1'
    'HTTP_CACHE_CONTROL' => 'max-age=0'
    'HTTP_CONNECTION' => 'keep-alive'
    'HTTP_HOST' => 'yii2_1.local'
    'SCRIPT_FILENAME' => '/home/bearatol/PhpstormProjects/basic/web/index.php'
    'REDIRECT_STATUS' => '200'
    'SERVER_NAME' => 'yii2_1.local'
    'SERVER_PORT' => '80'
    'SERVER_ADDR' => '127.0.0.1'
    'REMOTE_PORT' => '47630'
    'REMOTE_ADDR' => '127.0.0.1'
    'SERVER_SOFTWARE' => 'nginx/1.19.7'
    'GATEWAY_INTERFACE' => 'CGI/1.1'
    'REQUEST_SCHEME' => 'http'
    'SERVER_PROTOCOL' => 'HTTP/1.1'
    'DOCUMENT_ROOT' => '/home/bearatol/PhpstormProjects/basic/web'
    'DOCUMENT_URI' => '/index.php'
    'REQUEST_URI' => '/buidjeee/'
    'SCRIPT_NAME' => '/index.php'
    'CONTENT_LENGTH' => ''
    'CONTENT_TYPE' => ''
    'REQUEST_METHOD' => 'GET'
    'QUERY_STRING' => ''
    'FCGI_ROLE' => 'RESPONDER'
    'PHP_SELF' => '/index.php'
    'REQUEST_TIME_FLOAT' => 1615303345.4579
    'REQUEST_TIME' => 1615303345
]
